---------------------------------------------
http://tonyfraser_public.s3-website-us-east-1.amazonaws.com/images/tonyhawkandson.jpg
Male in {'Width': 0.10025166720151901, 'Height': 0.12587988376617432, 'Left': 0.7630828022956848, 'Top': 0.2694353461265564}. Is smiling? False
Male in {'Width': 0.09195239841938019, 'Height': 0.129891037940979, 'Left': 0.15293490886688232, 'Top': 0.22075873613357544}. Is smiling? True
Male in {'Width': 0.08755379915237427, 'Height': 0.13007868826389313, 'Left': 0.3858039081096649, 'Top': 0.26556119322776794}. Is smiling? True
Female in {'Width': 0.008890777826309204, 'Height': 0.013842067681252956, 'Left': 0.32885774970054626, 'Top': 0.2777557373046875}. Is smiling? False
Riley Hawk is in the picture!
Tony Hawk is in the picture!
---------------------------------------------
http://tonyfraser_public.s3-website-us-east-1.amazonaws.com/images/60s_poolside_swimsuit.jpg
Female Swimwear Or Underwear: 98.896 confidence
Suggestive: 98.896 confidence
Revealing Clothes: 90.366 confidence
---------------------------------------------
http://tonyfraser_public.s3-website-us-east-1.amazonaws.com/images/the-avengers.jpg
Tom Hiddleston is in the picture!
Sebastian Stan is in the picture!
Paul Bettany is in the picture!
Benedict Cumberbatch is in the picture!
Letitia Wright is in the picture!
Tom Holland is in the picture!
Elizabeth Olsen is in the picture!
---------------------------------------------
http://tonyfraser_public.s3-website-us-east-1.amazonaws.com/images/crownplaza.jpg
txt: Green
txt: % Change
txt: Gíant
txt: -1.31%
txt: CROW
txt: TIM
txt: BEST MUSICAL
txt: (closed)
txt: N
txt: JENNIFER LOPE
txt: IN
txt: Bloomberg
txt: THE BO
txt: COSE
txt: KTPH
txt: NEPD
txt: Morga
txt: lev
txt: A SERIOUS MEGAHITI
txt: FROZEN Disney
txt: НГЛ
txt: THE
txt: BROWDWAY
txt: Visit the
txt: OST. JAMES THEATRE
txt: on 44TH & 8 THE
txt: FracenTheMusical.com
txt: HOTEL
txt: 1
txt: Broadway
txt: EW 47 St
txt: 5
txt: ON
txt: WAY
txt: Complen
txt: 8
txt: 5
txt: ONE WAY
txt: ONE
txt: G
txt: WR
txt: W
txt: Especial
txt: FedEx
txt: Fedix
txt: WiLOPEN
txt: WHOO
txt: Green
txt: %
txt: Change
txt: Gíant
txt: -1.31%
txt: CROW
txt: TIM
txt: BEST MUSICAL
txt: (closed)
txt: N
txt: JENNIFER
txt: LOPE
txt: IN
txt: Bloomberg
txt: THE BO
txt: COSE
txt: KTPH
txt: NEPD
txt: Morga
txt: lev
txt: A
txt: SERIOUS
txt: MEGAHITI
txt: FROZEN
txt: Disney
txt: НГЛ
txt: THE
txt: BROWDWAY
txt: Visit
txt: the
txt: OST.
txt: JAMES
txt: THEATRE
txt: on 44TH & 8 THE
txt: FracenTheMusical.com
txt: HOTEL
txt: 1
txt: Broadway
txt: EW
txt: 47
txt: St
txt: 5
txt: ON
txt: WAY
txt: Complen
txt: 8
txt: 5
txt: ONE
txt: WAY
txt: ONE
txt: G
txt: WR
txt: W
txt: Especial
txt: FedEx
txt: Fedix
txt: WiLOPEN
txt: WHOO
---------------------------------------------
http://tonyfraser_public.s3-website-us-east-1.amazonaws.com/images/tonyhawkandson.jpg
Male in {'Width': 0.10025166720151901, 'Height': 0.12587988376617432, 'Left': 0.7630828022956848, 'Top': 0.2694353461265564}. Is smiling? False
Male in {'Width': 0.09195239841938019, 'Height': 0.129891037940979, 'Left': 0.15293490886688232, 'Top': 0.22075873613357544}. Is smiling? True
Male in {'Width': 0.08755379915237427, 'Height': 0.13007868826389313, 'Left': 0.3858039081096649, 'Top': 0.26556119322776794}. Is smiling? True
Female in {'Width': 0.008890777826309204, 'Height': 0.013842067681252956, 'Left': 0.32885774970054626, 'Top': 0.2777557373046875}. Is smiling? False
Riley Hawk is in the picture!
Tony Hawk is in the picture!
---------------------------------------------
http://tonyfraser_public.s3-website-us-east-1.amazonaws.com/images/60s_poolside_swimsuit.jpg
Female Swimwear Or Underwear: 98.896 confidence
Suggestive: 98.896 confidence
Revealing Clothes: 90.366 confidence
---------------------------------------------
http://tonyfraser_public.s3-website-us-east-1.amazonaws.com/images/the-avengers.jpg
Tom Hiddleston is in the picture!
Sebastian Stan is in the picture!
Paul Bettany is in the picture!
Benedict Cumberbatch is in the picture!
Letitia Wright is in the picture!
Tom Holland is in the picture!
Elizabeth Olsen is in the picture!
---------------------------------------------
http://tonyfraser_public.s3-website-us-east-1.amazonaws.com/images/crownplaza.jpg
txt: Green
txt: % Change
txt: Gíant
txt: -1.31%
txt: CROW
txt: TIM
txt: BEST MUSICAL
txt: (closed)
txt: N
txt: JENNIFER LOPE
txt: IN
txt: Bloomberg
txt: THE BO
txt: COSE
txt: KTPH
txt: NEPD
txt: Morga
txt: lev
txt: A SERIOUS MEGAHITI
txt: FROZEN Disney
txt: НГЛ
txt: THE
txt: BROWDWAY
txt: Visit the
txt: OST. JAMES THEATRE
txt: on 44TH & 8 THE
txt: FracenTheMusical.com
txt: HOTEL
txt: 1
txt: Broadway
txt: EW 47 St
txt: 5
txt: ON
txt: WAY
txt: Complen
txt: 8
txt: 5
txt: ONE WAY
txt: ONE
txt: G
txt: WR
txt: W
txt: Especial
txt: FedEx
txt: Fedix
txt: WiLOPEN
txt: WHOO
txt: Green
txt: %
txt: Change
txt: Gíant
txt: -1.31%
txt: CROW
txt: TIM
txt: BEST MUSICAL
txt: (closed)
txt: N
txt: JENNIFER
txt: LOPE
txt: IN
txt: Bloomberg
txt: THE BO
txt: COSE
txt: KTPH
txt: NEPD
txt: Morga
txt: lev
txt: A
txt: SERIOUS
txt: MEGAHITI
txt: FROZEN
txt: Disney
txt: НГЛ
txt: THE
txt: BROWDWAY
txt: Visit
txt: the
txt: OST.
txt: JAMES
txt: THEATRE
txt: on 44TH & 8 THE
txt: FracenTheMusical.com
txt: HOTEL
txt: 1
txt: Broadway
txt: EW
txt: 47
txt: St
txt: 5
txt: ON
txt: WAY
txt: Complen
txt: 8
txt: 5
txt: ONE
txt: WAY
txt: ONE
txt: G
txt: WR
txt: W
txt: Especial
txt: FedEx
txt: Fedix
txt: WiLOPEN
txt: WHOO
